# JRE version: Java(TM) SE Runtime Environment (8.0_112-b15) (build 1.8.0_112-b15)
# Java VM: Java HotSpot(TM) 64-Bit Server VM (25.112-b15 mixed mode windows-amd64 compressed oops)
Heap:
 PSYoungGen      total 550912K, used 165518K [0x00000000d6900000, 0x00000000faf80000, 0x0000000100000000)
  eden space 549888K, 29% used [0x00000000d6900000,0x00000000e09dfa88,0x00000000f8200000)
  from space 1024K, 76% used [0x00000000f9b80000,0x00000000f9c44030,0x00000000f9c80000)
  to   space 19456K, 0% used [0x00000000f9c80000,0x00000000f9c80000,0x00000000faf80000)
 ParOldGen       total 86528K, used 31072K [0x0000000083a00000, 0x0000000088e80000, 0x00000000d6900000)
  object space 86528K, 35% used [0x0000000083a00000,0x0000000085858290,0x0000000088e80000)
 Metaspace       used 60727K, capacity 65588K, committed 65752K, reserved 1105920K
  class space    used 8016K, capacity 8837K, committed 8960K, reserved 1048576K
GC Heap History (10 events):
Event: 38.399 GC heap before
{Heap before GC invocations=10 (full 2):
 PSYoungGen      total 250368K, used 235520K [0x00000000d6900000, 0x00000000f2600000, 0x0000000100000000)
  eden space 235520K, 100% used [0x00000000d6900000,0x00000000e4f00000,0x00000000e4f00000)
  from space 14848K, 0% used [0x00000000e4f00000,0x00000000e4f00000,0x00000000e5d80000)
  to   space 14848K, 0% used [0x00000000f1780000,0x00000000f1780000,0x00000000f2600000)
 ParOldGen       total 68096K, used 15630K [0x0000000083a00000, 0x0000000087c80000, 0x00000000d6900000)
  object space 68096K, 22% used [0x0000000083a00000,0x0000000084943b90,0x0000000087c80000)
 Metaspace       used 47148K, capacity 50298K, committed 50520K, reserved 1093632K
  class space    used 6398K, capacity 6950K, committed 7040K, reserved 1048576K
Event: 38.434 GC heap after
Heap after GC invocations=10 (full 2):
 PSYoungGen      total 423936K, used 14831K [0x00000000d6900000, 0x00000000f2600000, 0x0000000100000000)
  eden space 409088K, 0% used [0x00000000d6900000,0x00000000d6900000,0x00000000ef880000)
  from space 14848K, 99% used [0x00000000f1780000,0x00000000f25fbde0,0x00000000f2600000)
  to   space 18432K, 0% used [0x00000000f0200000,0x00000000f0200000,0x00000000f1400000)
 ParOldGen       total 68096K, used 19012K [0x0000000083a00000, 0x0000000087c80000, 0x00000000d6900000)
  object space 68096K, 27% used [0x0000000083a00000,0x0000000084c91098,0x0000000087c80000)
 Metaspace       used 47148K, capacity 50298K, committed 50520K, reserved 1093632K
  class space    used 6398K, capacity 6950K, committed 7040K, reserved 1048576K
}
Event: 111.091 GC heap before
{Heap before GC invocations=11 (full 2):
 PSYoungGen      total 423936K, used 147972K [0x00000000d6900000, 0x00000000f2600000, 0x0000000100000000)
  eden space 409088K, 32% used [0x00000000d6900000,0x00000000deb05568,0x00000000ef880000)
  from space 14848K, 99% used [0x00000000f1780000,0x00000000f25fbde0,0x00000000f2600000)
  to   space 18432K, 0% used [0x00000000f0200000,0x00000000f0200000,0x00000000f1400000)
 ParOldGen       total 68096K, used 19012K [0x0000000083a00000, 0x0000000087c80000, 0x00000000d6900000)
  object space 68096K, 27% used [0x0000000083a00000,0x0000000084c91098,0x0000000087c80000)
 Metaspace       used 54507K, capacity 58796K, committed 58968K, reserved 1099776K
  class space    used 7470K, capacity 8193K, committed 8320K, reserved 1048576K
Event: 111.109 GC heap after
Heap after GC invocations=11 (full 2):
 PSYoungGen      total 437248K, used 16690K [0x00000000d6900000, 0x00000000fc300000, 0x0000000100000000)
  eden space 418816K, 0% used [0x00000000d6900000,0x00000000d6900000,0x00000000f0200000)
  from space 18432K, 90% used [0x00000000f0200000,0x00000000f124c940,0x00000000f1400000)
  to   space 20480K, 0% used [0x00000000faf00000,0x00000000faf00000,0x00000000fc300000)
 ParOldGen       total 68096K, used 19020K [0x0000000083a00000, 0x0000000087c80000, 0x00000000d6900000)
  object space 68096K, 27% used [0x0000000083a00000,0x0000000084c93098,0x0000000087c80000)
 Metaspace       used 54507K, capacity 58796K, committed 58968K, reserved 1099776K
  class space    used 7470K, capacity 8193K, committed 8320K, reserved 1048576K
}
Event: 111.109 GC heap before
{Heap before GC invocations=12 (full 3):
 PSYoungGen      total 437248K, used 16690K [0x00000000d6900000, 0x00000000fc300000, 0x0000000100000000)
  eden space 418816K, 0% used [0x00000000d6900000,0x00000000d6900000,0x00000000f0200000)
  from space 18432K, 90% used [0x00000000f0200000,0x00000000f124c940,0x00000000f1400000)
  to   space 20480K, 0% used [0x00000000faf00000,0x00000000faf00000,0x00000000fc300000)
 ParOldGen       total 68096K, used 19020K [0x0000000083a00000, 0x0000000087c80000, 0x00000000d6900000)
  object space 68096K, 27% used [0x0000000083a00000,0x0000000084c93098,0x0000000087c80000)
 Metaspace       used 54507K, capacity 58796K, committed 58968K, reserved 1099776K
  class space    used 7470K, capacity 8193K, committed 8320K, reserved 1048576K
Event: 111.252 GC heap after
Heap after GC invocations=12 (full 3):
 PSYoungGen      total 437248K, used 0K [0x00000000d6900000, 0x00000000fc300000, 0x0000000100000000)
  eden space 418816K, 0% used [0x00000000d6900000,0x00000000d6900000,0x00000000f0200000)
  from space 18432K, 0% used [0x00000000f0200000,0x00000000f0200000,0x00000000f1400000)
  to   space 20480K, 0% used [0x00000000faf00000,0x00000000faf00000,0x00000000fc300000)
 ParOldGen       total 86528K, used 26233K [0x0000000083a00000, 0x0000000088e80000, 0x00000000d6900000)
  object space 86528K, 30% used [0x0000000083a00000,0x000000008539e670,0x0000000088e80000)
 Metaspace       used 54179K, capacity 57770K, committed 58968K, reserved 1099776K
  class space    used 7362K, capacity 8010K, committed 8320K, reserved 1048576K
}
Event: 2858.444 GC heap before
{Heap before GC invocations=13 (full 3):
 PSYoungGen      total 437248K, used 418816K [0x00000000d6900000, 0x00000000fc300000, 0x0000000100000000)
  eden space 418816K, 100% used [0x00000000d6900000,0x00000000f0200000,0x00000000f0200000)
  from space 18432K, 0% used [0x00000000f0200000,0x00000000f0200000,0x00000000f1400000)
  to   space 20480K, 0% used [0x00000000faf00000,0x00000000faf00000,0x00000000fc300000)
 ParOldGen       total 86528K, used 26233K [0x0000000083a00000, 0x0000000088e80000, 0x00000000d6900000)
  object space 86528K, 30% used [0x0000000083a00000,0x000000008539e670,0x0000000088e80000)
 Metaspace       used 59830K, capacity 64666K, committed 64856K, reserved 1105920K
  class space    used 7995K, capacity 8822K, committed 8832K, reserved 1048576K
Event: 2858.479 GC heap after
Heap after GC invocations=13 (full 3):
 PSYoungGen      total 596480K, used 7664K [0x00000000d6900000, 0x00000000fd000000, 0x0000000100000000)
  eden space 576000K, 0% used [0x00000000d6900000,0x00000000d6900000,0x00000000f9b80000)
  from space 20480K, 37% used [0x00000000faf00000,0x00000000fb67c150,0x00000000fc300000)
  to   space 19968K, 0% used [0x00000000f9b80000,0x00000000f9b80000,0x00000000faf00000)
 ParOldGen       total 86528K, used 26241K [0x0000000083a00000, 0x0000000088e80000, 0x00000000d6900000)
  object space 86528K, 30% used [0x0000000083a00000,0x00000000853a0670,0x0000000088e80000)
 Metaspace       used 59830K, capacity 64666K, committed 64856K, reserved 1105920K
  class space    used 7995K, capacity 8822K, committed 8832K, reserved 1048576K
}
Event: 8259.226 GC heap before
{Heap before GC invocations=14 (full 3):
 PSYoungGen      total 596480K, used 583664K [0x00000000d6900000, 0x00000000fd000000, 0x0000000100000000)
  eden space 576000K, 100% used [0x00000000d6900000,0x00000000f9b80000,0x00000000f9b80000)
  from space 20480K, 37% used [0x00000000faf00000,0x00000000fb67c150,0x00000000fc300000)
  to   space 19968K, 0% used [0x00000000f9b80000,0x00000000f9b80000,0x00000000faf00000)
 ParOldGen       total 86528K, used 26241K [0x0000000083a00000, 0x0000000088e80000, 0x00000000d6900000)
  object space 86528K, 30% used [0x0000000083a00000,0x00000000853a0670,0x0000000088e80000)
 Metaspace       used 60567K, capacity 65440K, committed 65752K, reserved 1105920K
  class space    used 8016K, capacity 8837K, committed 8960K, reserved 1048576K
Event: 8259.263 GC heap after
Heap after GC invocations=14 (full 3):
 PSYoungGen      total 550912K, used 784K [0x00000000d6900000, 0x00000000faf80000, 0x0000000100000000)
  eden space 549888K, 0% used [0x00000000d6900000,0x00000000d6900000,0x00000000f8200000)
  from space 1024K, 76% used [0x00000000f9b80000,0x00000000f9c44030,0x00000000f9c80000)
  to   space 19456K, 0% used [0x00000000f9c80000,0x00000000f9c80000,0x00000000faf80000)
 ParOldGen       total 86528K, used 31072K [0x0000000083a00000, 0x0000000088e80000, 0x00000000d6900000)
  object space 86528K, 35% used [0x0000000083a00000,0x0000000085858290,0x0000000088e80000)
 Metaspace       used 60567K, capacity 65440K, committed 65752K, reserved 1105920K
  class space    used 8016K, capacity 8837K, committed 8960K, reserved 1048576K
}

